[debug] [2025-09-30T22:29:46.320Z] ----------------------------------------------------------------------
[debug] [2025-09-30T22:29:46.323Z] Command:       C:\Program Files\nodejs\node.exe C:\Users\bizua\AppData\Roaming\npm\node_modules\firebase-tools\lib\bin\firebase.js init
[debug] [2025-09-30T22:29:46.323Z] CLI Version:   14.17.0
[debug] [2025-09-30T22:29:46.323Z] Platform:      win32
[debug] [2025-09-30T22:29:46.323Z] Node Version:  v22.17.1
[debug] [2025-09-30T22:29:46.323Z] Time:          Tue Sep 30 2025 18:29:46 GMT-0400 (Eastern Daylight Time)
[debug] [2025-09-30T22:29:46.324Z] ----------------------------------------------------------------------
[debug] 
[debug] [2025-09-30T22:29:46.325Z] >>> [apiv2][query] GET https://firebase-public.firebaseio.com/cli.json [none]
[debug] [2025-09-30T22:29:46.363Z] > command requires scopes: ["email","openid","https://www.googleapis.com/auth/cloudplatformprojects.readonly","https://www.googleapis.com/auth/firebase","https://www.googleapis.com/auth/cloud-platform"]
[debug] [2025-09-30T22:29:46.363Z] > authorizing via signed-in user (bizuayehutakele195@gmail.com)
[info] 
     ######## #### ########  ######## ########     ###     ######  ########
     ##        ##  ##     ## ##       ##     ##  ##   ##  ##       ##
     ######    ##  ########  ######   ########  #########  ######  ######
     ##        ##  ##    ##  ##       ##     ## ##     ##       ## ##
     ##       #### ##     ## ######## ########  ##     ##  ######  ########

You're about to initialize a Firebase project in this directory:

  C:\Users\bizua\OneDrive\Desktop\Evangadi\phase4\project2

[debug] [2025-09-30T22:29:46.574Z] <<< [apiv2][status] GET https://firebase-public.firebaseio.com/cli.json 200
[debug] [2025-09-30T22:29:46.574Z] <<< [apiv2][body] GET https://firebase-public.firebaseio.com/cli.json {"cloudBuildErrorAfter":1594252800000,"cloudBuildWarnAfter":1590019200000,"defaultNode10After":1594252800000,"minVersion":"3.0.5","node8DeploysDisabledAfter":1613390400000,"node8RuntimeDisabledAfter":1615809600000,"node8WarnAfter":1600128000000}
